1607361575452	geckodriver	INFO	Listening on 127.0.0.1:34157
1607361575469	mozrunner::runner	INFO	Running command: "/usr/bin/firefox" "--marionette" "-foreground" "-no-remote" "-profile" "/tmp/rust_mozprofile0smrLR"
console.warn: SearchSettings: "get: No settings file exists, new profile?" (new Error("", "(unknown module)"))
console.error: Region.jsm: "Error fetching region" (new AbortError("The operation was aborted. ", (void 0), 724))
console.error: Region.jsm: "Failed to fetch region" (new Error("NO_RESULT", "resource://gre/modules/Region.jsm", 376))
1607361597911	Marionette	INFO	Listening on port 43281
1607361598170	Marionette	WARN	TLS certificate errors will be ignored for this session
1607361632189	Marionette	INFO	Stopped listening on port 43281
1607363517076	geckodriver	INFO	Listening on 127.0.0.1:40039
1607363517082	mozrunner::runner	INFO	Running command: "/usr/bin/firefox" "--marionette" "-foreground" "-no-remote" "-profile" "/tmp/rust_mozprofilee4aDj9"
console.warn: SearchSettings: "get: No settings file exists, new profile?" (new Error("", "(unknown module)"))
1607363522213	Marionette	INFO	Listening on port 34869
1607363522322	Marionette	WARN	TLS certificate errors will be ignored for this session
1607363537693	Marionette	INFO	Stopped listening on port 34869
1607364013704	geckodriver	INFO	Listening on 127.0.0.1:54053
1607364013711	mozrunner::runner	INFO	Running command: "/usr/bin/firefox" "--marionette" "-foreground" "-no-remote" "-profile" "/tmp/rust_mozprofilerZ3Gal"
console.warn: SearchSettings: "get: No settings file exists, new profile?" (new Error("", "(unknown module)"))
1607364020529	Marionette	INFO	Listening on port 35127
1607364020700	Marionette	WARN	TLS certificate errors will be ignored for this session
1607364028947	Marionette	INFO	Stopped listening on port 35127
JavaScript error: https://www.oxt.me/static/libs/require/require.js, line 8: Error: Script error for: ko-i18n-utils
http://requirejs.org/docs/errors.html#scripterror
JavaScript error: https://www.oxt.me/static/libs/require/require.js, line 8: Error: Script error for: auth-utils
http://requirejs.org/docs/errors.html#scripterror
JavaScript error: https://www.oxt.me/static/libs/require/require.js, line 8: Error: Script error for: bootstrap
http://requirejs.org/docs/errors.html#scripterror
JavaScript error: resource://gre/modules/UrlClassifierListManager.jsm, line 691: TypeError: this.tablesData[table] is undefined
console.log: "RemoteSettingsWorker error: Error: Can't import when we've started shutting down."
console.log: "RemoteSettingsWorker error: Error: Can't import when we've started shutting down."
console.log: "RemoteSettingsWorker error: Error: Can't import when we've started shutting down."
console.log: "RemoteSettingsWorker error: Error: Can't import when we've started shutting down."
console.error: "Could not load engine google@search.mozilla.org: [Exception... \"AddonManager is not initialized\"  nsresult: \"0xc1f30001 (NS_ERROR_NOT_INITIALIZED)\"  location: \"JS frame :: resource://gre/modules/AddonManager.jsm :: installBuiltinAddon :: line 2550\"  data: no]"
console.error: "Could not load engine ddg@search.mozilla.org: [Exception... \"AddonManager is not initialized\"  nsresult: \"0xc1f30001 (NS_ERROR_NOT_INITIALIZED)\"  location: \"JS frame :: resource://gre/modules/AddonManager.jsm :: installBuiltinAddon :: line 2550\"  data: no]"
console.error: "Could not load engine wikipedia@search.mozilla.org: [Exception... \"AddonManager is not initialized\"  nsresult: \"0xc1f30001 (NS_ERROR_NOT_INITIALIZED)\"  location: \"JS frame :: resource://gre/modules/AddonManager.jsm :: installBuiltinAddon :: line 2550\"  data: no]"
console.error: "Could not load engine yandex@search.mozilla.org: [Exception... \"AddonManager is not initialized\"  nsresult: \"0xc1f30001 (NS_ERROR_NOT_INITIALIZED)\"  location: \"JS frame :: resource://gre/modules/AddonManager.jsm :: installBuiltinAddon :: line 2550\"  data: no]"
console.error: "Could not load engine mailru@search.mozilla.org: [Exception... \"AddonManager is not initialized\"  nsresult: \"0xc1f30001 (NS_ERROR_NOT_INITIALIZED)\"  location: \"JS frame :: resource://gre/modules/AddonManager.jsm :: installBuiltinAddon :: line 2550\"  data: no]"
console.error: "Could not load engine ozonru@search.mozilla.org: [Exception... \"AddonManager is not initialized\"  nsresult: \"0xc1f30001 (NS_ERROR_NOT_INITIALIZED)\"  location: \"JS frame :: resource://gre/modules/AddonManager.jsm :: installBuiltinAddon :: line 2550\"  data: no]"
console.error: "Could not load engine priceru@search.mozilla.org: [Exception... \"AddonManager is not initialized\"  nsresult: \"0xc1f30001 (NS_ERROR_NOT_INITIALIZED)\"  location: \"JS frame :: resource://gre/modules/AddonManager.jsm :: installBuiltinAddon :: line 2550\"  data: no]"
console.warn: SearchService: "_init: abandoning init due to shutting down"
JavaScript error: resource://gre/modules/AsyncShutdown.jsm, line 554: uncaught exception: 2147500036
JavaScript error: resource://gre/modules/AsyncShutdown.jsm, line 554: uncaught exception: 2147500036
JavaScript error: resource://gre/modules/AsyncShutdown.jsm, line 554: uncaught exception: 2147500036
JavaScript error: resource://gre/modules/AsyncShutdown.jsm, line 554: uncaught exception: 2147500036
JavaScript error: resource://gre/modules/AsyncShutdown.jsm, line 554: uncaught exception: 2147500036
JavaScript error: resource://gre/modules/AsyncShutdown.jsm, line 554: uncaught exception: 2147500036
JavaScript error: resource://gre/modules/AsyncShutdown.jsm, line 554: uncaught exception: 2147500036
JavaScript error: resource://gre/modules/AsyncShutdown.jsm, line 554: uncaught exception: 2147500036
1607364050134	geckodriver	INFO	Listening on 127.0.0.1:60887
1607364050139	mozrunner::runner	INFO	Running command: "/usr/bin/firefox" "--marionette" "-foreground" "-no-remote" "-profile" "/tmp/rust_mozprofileZdCRra"
console.warn: SearchSettings: "get: No settings file exists, new profile?" (new Error("", "(unknown module)"))
1607364061599	Marionette	INFO	Listening on port 38013
1607364061711	Marionette	WARN	TLS certificate errors will be ignored for this session
1607364288606	geckodriver	INFO	Listening on 127.0.0.1:58645
1607364288612	mozrunner::runner	INFO	Running command: "/usr/bin/firefox" "--marionette" "-foreground" "-no-remote" "-profile" "/tmp/rust_mozprofileeCT8NZ"
console.warn: SearchSettings: "get: No settings file exists, new profile?" (new Error("", "(unknown module)"))
1607364293190	Marionette	INFO	Listening on port 41399
1607364293250	Marionette	WARN	TLS certificate errors will be ignored for this session
IPDL protocol error: Handler returned error code!

###!!! [Parent][DispatchAsyncMessage] Error: PLayerTransaction::Msg_ReleaseLayer Processing error: message was deserialized, but the handler returned false (indicating failure)

IPDL protocol error: Handler returned error code!

###!!! [Parent][DispatchAsyncMessage] Error: PLayerTransaction::Msg_ReleaseLayer Processing error: message was deserialized, but the handler returned false (indicating failure)

IPDL protocol error: Handler returned error code!

###!!! [Parent][DispatchAsyncMessage] Error: PLayerTransaction::Msg_ReleaseLayer Processing error: message was deserialized, but the handler returned false (indicating failure)

IPDL protocol error: Handler returned error code!

###!!! [Parent][DispatchAsyncMessage] Error: PLayerTransaction::Msg_ReleaseLayer Processing error: message was deserialized, but the handler returned false (indicating failure)

IPDL protocol error: Handler returned error code!

###!!! [Parent][DispatchAsyncMessage] Error: PLayerTransaction::Msg_ReleaseLayer Processing error: message was deserialized, but the handler returned false (indicating failure)

IPDL protocol error: Handler returned error code!

###!!! [Parent][DispatchAsyncMessage] Error: PLayerTransaction::Msg_ReleaseLayer Processing error: message was deserialized, but the handler returned false (indicating failure)

IPDL protocol error: Handler returned error code!

###!!! [Parent][DispatchAsyncMessage] Error: PLayerTransaction::Msg_ReleaseLayer Processing error: message was deserialized, but the handler returned false (indicating failure)

1607364356391	Marionette	INFO	Stopped listening on port 38013
1607364358265	Marionette	INFO	Stopped listening on port 41399
1607364373482	geckodriver	INFO	Listening on 127.0.0.1:32899
1607364373487	mozrunner::runner	INFO	Running command: "/usr/bin/firefox" "--marionette" "-foreground" "-no-remote" "-profile" "/tmp/rust_mozprofileX89nZc"
console.warn: SearchSettings: "get: No settings file exists, new profile?" (new Error("", "(unknown module)"))
1607364379749	Marionette	INFO	Listening on port 35097
1607364379841	Marionette	WARN	TLS certificate errors will be ignored for this session
1607364425890	geckodriver	INFO	Listening on 127.0.0.1:54845
1607364425896	mozrunner::runner	INFO	Running command: "/usr/bin/firefox" "--marionette" "-foreground" "-no-remote" "-profile" "/tmp/rust_mozprofileHLFQC0"
console.warn: SearchSettings: "get: No settings file exists, new profile?" (new Error("", "(unknown module)"))
1607364432674	Marionette	INFO	Listening on port 46399
1607364432745	Marionette	WARN	TLS certificate errors will be ignored for this session
1607364434621	Marionette	INFO	Stopped listening on port 35097
1607364472864	Marionette	INFO	Stopped listening on port 46399
1607364483093	geckodriver	INFO	Listening on 127.0.0.1:55977
1607364483107	mozrunner::runner	INFO	Running command: "/usr/bin/firefox" "--marionette" "-foreground" "-no-remote" "-profile" "/tmp/rust_mozprofilenM9RbO"
console.warn: SearchSettings: "get: No settings file exists, new profile?" (new Error("", "(unknown module)"))
1607364493101	Marionette	INFO	Listening on port 33261
1607364493165	Marionette	WARN	TLS certificate errors will be ignored for this session
1607364589904	Marionette	INFO	Stopped listening on port 33261
1607364712122	geckodriver	INFO	Listening on 127.0.0.1:45045
1607364712127	mozrunner::runner	INFO	Running command: "/usr/bin/firefox" "--marionette" "-foreground" "-no-remote" "-profile" "/tmp/rust_mozprofile0st7rF"
console.warn: SearchSettings: "get: No settings file exists, new profile?" (new Error("", "(unknown module)"))
1607364716816	Marionette	INFO	Listening on port 44129
1607364716883	Marionette	WARN	TLS certificate errors will be ignored for this session
1607365287106	Marionette	INFO	Stopped listening on port 44129
1607384878598	geckodriver	INFO	Listening on 127.0.0.1:44099
1607384878602	mozrunner::runner	INFO	Running command: "/usr/bin/firefox" "--marionette" "-foreground" "-no-remote" "-profile" "/tmp/rust_mozprofilev65Zqw"
console.warn: SearchSettings: "get: No settings file exists, new profile?" (new Error("", "(unknown module)"))
1607384883843	Marionette	INFO	Listening on port 40579
1607384883934	Marionette	WARN	TLS certificate errors will be ignored for this session
1607384950804	geckodriver	INFO	Listening on 127.0.0.1:59733
1607384950808	mozrunner::runner	INFO	Running command: "/usr/bin/firefox" "--marionette" "-foreground" "-no-remote" "-profile" "/tmp/rust_mozprofileScMeJk"
console.warn: SearchSettings: "get: No settings file exists, new profile?" (new Error("", "(unknown module)"))
1607384955916	Marionette	INFO	Listening on port 46567
1607384955942	Marionette	WARN	TLS certificate errors will be ignored for this session
console.error: Region.jsm: "Error fetching region" (new Error("TIMEOUT", "resource://gre/modules/Region.jsm", 726))
console.error: Region.jsm: "Failed to fetch region" (new Error("TIMEOUT", "resource://gre/modules/Region.jsm", 376))
1607384968403	Marionette	INFO	Stopped listening on port 46567
JavaScript error: resource://gre/modules/UrlClassifierListManager.jsm, line 691: TypeError: this.tablesData[table] is undefined
1607384981598	Marionette	INFO	Stopped listening on port 40579
1607385071393	geckodriver	INFO	Listening on 127.0.0.1:58755
1607385071396	mozrunner::runner	INFO	Running command: "/usr/bin/firefox" "--marionette" "-foreground" "-no-remote" "-profile" "/tmp/rust_mozprofilewTIunZ"
console.warn: SearchSettings: "get: No settings file exists, new profile?" (new Error("", "(unknown module)"))
1607385075540	Marionette	INFO	Listening on port 43019
1607385075622	Marionette	WARN	TLS certificate errors will be ignored for this session
1607385084582	Marionette	INFO	Stopped listening on port 43019
JavaScript error: resource://gre/modules/UrlClassifierListManager.jsm, line 691: TypeError: this.tablesData[table] is undefined
console.log: "RemoteSettingsWorker error: Error: Can't import when we've started shutting down."
console.log: "RemoteSettingsWorker error: Error: Can't import when we've started shutting down."
console.log: "RemoteSettingsWorker error: Error: Can't import when we've started shutting down."
console.log: "RemoteSettingsWorker error: Error: Can't import when we've started shutting down."
console.error: "Could not load engine google@search.mozilla.org: [Exception... \"AddonManager is not initialized\"  nsresult: \"0xc1f30001 (NS_ERROR_NOT_INITIALIZED)\"  location: \"JS frame :: resource://gre/modules/AddonManager.jsm :: installBuiltinAddon :: line 2550\"  data: no]"
console.error: "Could not load engine ddg@search.mozilla.org: [Exception... \"AddonManager is not initialized\"  nsresult: \"0xc1f30001 (NS_ERROR_NOT_INITIALIZED)\"  location: \"JS frame :: resource://gre/modules/AddonManager.jsm :: installBuiltinAddon :: line 2550\"  data: no]"
console.error: "Could not load engine wikipedia@search.mozilla.org: [Exception... \"AddonManager is not initialized\"  nsresult: \"0xc1f30001 (NS_ERROR_NOT_INITIALIZED)\"  location: \"JS frame :: resource://gre/modules/AddonManager.jsm :: installBuiltinAddon :: line 2550\"  data: no]"
console.error: "Could not load engine yandex@search.mozilla.org: [Exception... \"AddonManager is not initialized\"  nsresult: \"0xc1f30001 (NS_ERROR_NOT_INITIALIZED)\"  location: \"JS frame :: resource://gre/modules/AddonManager.jsm :: installBuiltinAddon :: line 2550\"  data: no]"
console.error: "Could not load engine mailru@search.mozilla.org: [Exception... \"AddonManager is not initialized\"  nsresult: \"0xc1f30001 (NS_ERROR_NOT_INITIALIZED)\"  location: \"JS frame :: resource://gre/modules/AddonManager.jsm :: installBuiltinAddon :: line 2550\"  data: no]"
console.error: "Could not load engine ozonru@search.mozilla.org: [Exception... \"AddonManager is not initialized\"  nsresult: \"0xc1f30001 (NS_ERROR_NOT_INITIALIZED)\"  location: \"JS frame :: resource://gre/modules/AddonManager.jsm :: installBuiltinAddon :: line 2550\"  data: no]"
console.error: "Could not load engine priceru@search.mozilla.org: [Exception... \"AddonManager is not initialized\"  nsresult: \"0xc1f30001 (NS_ERROR_NOT_INITIALIZED)\"  location: \"JS frame :: resource://gre/modules/AddonManager.jsm :: installBuiltinAddon :: line 2550\"  data: no]"
console.warn: SearchService: "_init: abandoning init due to shutting down"
JavaScript error: , line 0: uncaught exception: 2147500036
JavaScript error: , line 0: uncaught exception: 2147500036
JavaScript error: , line 0: uncaught exception: 2147500036
JavaScript error: , line 0: uncaught exception: 2147500036
JavaScript error: , line 0: uncaught exception: 2147500036
JavaScript error: , line 0: uncaught exception: 2147500036
JavaScript error: , line 0: uncaught exception: 2147500036
JavaScript error: , line 0: uncaught exception: 2147500036
console.error: PushService: 
  clearOriginData: Error clearing origin data:
  UnknownError
console.error: PushService: 
  stateChangeProcessEnqueue: Error transitioning state
  UnknownError
1607385154515	geckodriver	INFO	Listening on 127.0.0.1:39649
1607385154518	mozrunner::runner	INFO	Running command: "/usr/bin/firefox" "--marionette" "-foreground" "-no-remote" "-profile" "/tmp/rust_mozprofileHzx0F6"
console.warn: SearchSettings: "get: No settings file exists, new profile?" (new Error("", "(unknown module)"))
1607385158932	Marionette	INFO	Listening on port 35905
1607385159045	Marionette	WARN	TLS certificate errors will be ignored for this session
1607385168054	Marionette	INFO	Stopped listening on port 35905
JavaScript error: resource://gre/modules/UrlClassifierListManager.jsm, line 691: TypeError: this.tablesData[table] is undefined
1607385333115	geckodriver	INFO	Listening on 127.0.0.1:54441
1607385333118	mozrunner::runner	INFO	Running command: "/usr/bin/firefox" "--marionette" "-foreground" "-no-remote" "-profile" "/tmp/rust_mozprofileCS6uOQ"
console.warn: SearchSettings: "get: No settings file exists, new profile?" (new Error("", "(unknown module)"))
1607385340212	Marionette	INFO	Listening on port 37207
1607385340281	Marionette	WARN	TLS certificate errors will be ignored for this session
1607385349352	Marionette	INFO	Stopped listening on port 37207
JavaScript error: resource://gre/modules/UrlClassifierListManager.jsm, line 691: TypeError: this.tablesData[table] is undefined
1607385366054	geckodriver	INFO	Listening on 127.0.0.1:46385
1607385366059	mozrunner::runner	INFO	Running command: "/usr/bin/firefox" "--marionette" "-foreground" "-no-remote" "-profile" "/tmp/rust_mozprofileuLJl3l"
console.warn: SearchSettings: "get: No settings file exists, new profile?" (new Error("", "(unknown module)"))
1607385370939	Marionette	INFO	Listening on port 43969
1607385370988	Marionette	WARN	TLS certificate errors will be ignored for this session
console.error: Region.jsm: "Error fetching region" (new AbortError("The operation was aborted. ", (void 0), 724))
console.error: Region.jsm: "Failed to fetch region" (new Error("NO_RESULT", "resource://gre/modules/Region.jsm", 376))
1607385387364	Marionette	INFO	Stopped listening on port 43969
JavaScript error: resource://gre/modules/UrlClassifierListManager.jsm, line 691: TypeError: this.tablesData[table] is undefined
1607386207806	geckodriver	INFO	Listening on 127.0.0.1:36791
1607386207810	mozrunner::runner	INFO	Running command: "/usr/bin/firefox" "--marionette" "-foreground" "-no-remote" "-profile" "/tmp/rust_mozprofileeOLJwf"
console.warn: SearchSettings: "get: No settings file exists, new profile?" (new Error("", "(unknown module)"))
1607386212425	Marionette	INFO	Listening on port 39437
1607386212539	Marionette	WARN	TLS certificate errors will be ignored for this session
1607386235508	Marionette	INFO	Stopped listening on port 39437
1607386331224	geckodriver	INFO	Listening on 127.0.0.1:44541
1607386331228	mozrunner::runner	INFO	Running command: "/usr/bin/firefox" "--marionette" "-foreground" "-no-remote" "-profile" "/tmp/rust_mozprofileP86cY6"
console.warn: SearchSettings: "get: No settings file exists, new profile?" (new Error("", "(unknown module)"))
1607386335022	Marionette	INFO	Listening on port 38885
1607386335054	Marionette	WARN	TLS certificate errors will be ignored for this session
1607386441529	Marionette	INFO	Stopped listening on port 38885
1607386445713	geckodriver	INFO	Listening on 127.0.0.1:33517
1607386445716	mozrunner::runner	INFO	Running command: "/usr/bin/firefox" "--marionette" "-foreground" "-no-remote" "-profile" "/tmp/rust_mozprofileiSw8wL"
console.warn: SearchSettings: "get: No settings file exists, new profile?" (new Error("", "(unknown module)"))
1607386449175	Marionette	INFO	Listening on port 34781
1607386449241	Marionette	WARN	TLS certificate errors will be ignored for this session
JavaScript error: https://oxt.me/static/libs/require/require.js, line 8: Error: Script error for: fee-txs-filter
http://requirejs.org/docs/errors.html#scripterror
JavaScript error: https://oxt.me/static/libs/require/require.js, line 8: Error: Script error for: none-txs-filter
http://requirejs.org/docs/errors.html#scripterror
JavaScript error: https://oxt.me/static/libs/require/require.js, line 8: Error: Script error for: feekb-txs-filter
http://requirejs.org/docs/errors.html#scripterror
JavaScript error: https://oxt.me/static/libs/require/require.js, line 8: Error: Script error for: feevkb-txs-filter
http://requirejs.org/docs/errors.html#scripterror
JavaScript error: https://oxt.me/static/libs/require/require.js, line 8: Error: Script error for: txoin-txs-filter
http://requirejs.org/docs/errors.html#scripterror
JavaScript error: https://oxt.me/static/libs/require/require.js, line 8: Error: Script error for: addrin-txs-filter
http://requirejs.org/docs/errors.html#scripterror
JavaScript error: https://oxt.me/static/libs/require/require.js, line 8: Error: Script error for: bdd-txs-filter
http://requirejs.org/docs/errors.html#scripterror
JavaScript error: https://oxt.me/static/libs/require/require.js, line 8: Error: Script error for: txoout-txs-filter
http://requirejs.org/docs/errors.html#scripterror
JavaScript error: https://oxt.me/static/libs/require/require.js, line 8: Error: Script error for: vlmout-txs-filter
http://requirejs.org/docs/errors.html#scripterror
JavaScript error: https://oxt.me/static/libs/require/require.js, line 8: Error: Script error for: addr-txs-filter
http://requirejs.org/docs/errors.html#scripterror
JavaScript error: https://oxt.me/static/libs/require/require.js, line 8: Error: Script error for: addrout-txs-filter
http://requirejs.org/docs/errors.html#scripterror
JavaScript error: https://oxt.me/static/libs/require/require.js, line 8: Error: Script error for: newaddr-txs-filter
http://requirejs.org/docs/errors.html#scripterror
JavaScript error: https://oxt.me/static/libs/require/require.js, line 8: Error: Script error for: clvx-txs-filter
http://requirejs.org/docs/errors.html#scripterror
JavaScript error: https://oxt.me/static/libs/require/require.js, line 8: Error: Script error for: clax-txs-filter
http://requirejs.org/docs/errors.html#scripterror
JavaScript error: https://oxt.me/static/libs/require/require.js, line 8: Error: Script error for: cltx-txs-filter
http://requirejs.org/docs/errors.html#scripterror
JavaScript error: https://oxt.me/static/libs/require/require.js, line 8: Error: Script error for: clti-txs-filter
http://requirejs.org/docs/errors.html#scripterror
JavaScript error: https://oxt.me/static/libs/require/require.js, line 8: Error: Script error for: clxx-txs-filter
http://requirejs.org/docs/errors.html#scripterror
JavaScript error: https://oxt.me/static/libs/require/require.js, line 8: Error: Script error for: clbl-txs-filter
http://requirejs.org/docs/errors.html#scripterror
JavaScript error: https://oxt.me/static/libs/require/require.js, line 8: Error: Script error for: clai-txs-filter
http://requirejs.org/docs/errors.html#scripterror
JavaScript error: https://oxt.me/static/libs/require/require.js, line 8: Error: Script error for: clto-txs-filter
http://requirejs.org/docs/errors.html#scripterror
JavaScript error: https://oxt.me/static/libs/require/require.js, line 8: Error: Script error for: clxi-txs-filter
http://requirejs.org/docs/errors.html#scripterror
JavaScript error: https://oxt.me/static/libs/require/require.js, line 8: Error: Script error for: clvi-txs-filter
http://requirejs.org/docs/errors.html#scripterror
JavaScript error: https://oxt.me/static/libs/require/require.js, line 8: Error: Script error for: clvo-txs-filter
http://requirejs.org/docs/errors.html#scripterror
JavaScript error: https://oxt.me/static/libs/require/require.js, line 8: Error: Script error for: clxo-txs-filter
http://requirejs.org/docs/errors.html#scripterror
JavaScript error: https://oxt.me/static/libs/require/require.js, line 8: Error: Script error for: clao-txs-filter
http://requirejs.org/docs/errors.html#scripterror
JavaScript error: https://oxt.me/static/libs/require/require.js, line 8: Error: Script error for: hvi-txs-filter
http://requirejs.org/docs/errors.html#scripterror
JavaScript error: https://oxt.me/static/libs/require/require.js, line 8: Error: Script error for: addr_entity-cltx-prms
http://requirejs.org/docs/errors.html#scripterror
JavaScript error: https://oxt.me/static/libs/require/require.js, line 8: Error: Script error for: addr_entity-clvx-prms
http://requirejs.org/docs/errors.html#scripterror
JavaScript error: https://oxt.me/static/libs/require/require.js, line 8: Error: Script error for: hvo-txs-filter
http://requirejs.org/docs/errors.html#scripterror
JavaScript error: https://oxt.me/static/libs/require/require.js, line 8: Error: Script error for: addr_entity-clbl-prms
http://requirejs.org/docs/errors.html#scripterror
JavaScript error: https://oxt.me/static/libs/require/require.js, line 8: Error: Script error for: addr_entity-hvi-prms
http://requirejs.org/docs/errors.html#scripterror
JavaScript error: https://oxt.me/static/libs/require/require.js, line 8: Error: Script error for: addr_entity-nbtxinhr-prms
http://requirejs.org/docs/errors.html#scripterror
JavaScript error: https://oxt.me/static/libs/require/require.js, line 8: Error: Script error for: addr_entity-nbtxouthr-prms
http://requirejs.org/docs/errors.html#scripterror
JavaScript error: https://oxt.me/static/libs/require/require.js, line 8: Error: Script error for: addr_entity-hvo-prms
http://requirejs.org/docs/errors.html#scripterror
JavaScript error: https://oxt.me/static/libs/require/require.js, line 8: Error: Script error for: addr_entity-clax-prms
http://requirejs.org/docs/errors.html#scripterror
JavaScript error: https://oxt.me/static/libs/require/require.js, line 8: Error: Script error for: addr_entity-nbtxindy-prms
http://requirejs.org/docs/errors.html#scripterror
JavaScript error: https://oxt.me/static/libs/require/require.js, line 8: Error: Script error for: addr_entity-clxx-prms
http://requirejs.org/docs/errors.html#scripterror
JavaScript error: https://oxt.me/static/libs/require/require.js, line 8: Error: Script error for: bootstrap
http://requirejs.org/docs/errors.html#scripterror
JavaScript error: https://oxt.me/static/libs/require/require.js, line 8: Error: Script error for: addr_entity-nbtxoutdy-prms
http://requirejs.org/docs/errors.html#scripterror
JavaScript error: https://oxt.me/static/libs/require/require.js, line 8: Error: Script error for: abstract-txs-filter
http://requirejs.org/docs/errors.html#scripterror
JavaScript error: https://oxt.me/static/libs/require/require.js, line 8: Error: Script error for: entity-txstab-vm
http://requirejs.org/docs/errors.html#scripterror
JavaScript error: https://oxt.me/static/libs/require/require.js, line 8: Error: Script error for: ko-utils
http://requirejs.org/docs/errors.html#scripterror
JavaScript error: https://oxt.me/static/libs/knockout/knockout-3.2.0.js, line 76: Error: Component 'entity' has no template
JavaScript error: https://oxt.me/static/libs/knockout/knockout-3.2.0.js, line 76: Error: Component 'entity' has no template
JavaScript error: https://oxt.me/static/libs/knockout/knockout-3.2.0.js, line 76: Error: Component 'entity' has no template
1607386489273	Marionette	INFO	Stopped listening on port 34781
1607386527011	geckodriver	INFO	Listening on 127.0.0.1:57597
1607386527014	mozrunner::runner	INFO	Running command: "/usr/bin/firefox" "--marionette" "-foreground" "-no-remote" "-profile" "/tmp/rust_mozprofile522J5G"
console.warn: SearchSettings: "get: No settings file exists, new profile?" (new Error("", "(unknown module)"))
1607386534086	Marionette	INFO	Listening on port 39933
1607386534180	Marionette	WARN	TLS certificate errors will be ignored for this session
JavaScript error: https://oxt.me/static/libs/require/require.js, line 8: Error: Script error for: app/components/addresseslist/addresseslist
http://requirejs.org/docs/errors.html#scripterror
JavaScript error: https://oxt.me/static/libs/require/require.js, line 8: Error: Script error for: app/components/barchart/barchart
http://requirejs.org/docs/errors.html#scripterror
1607386604556	Marionette	INFO	Stopped listening on port 39933
1607386644074	geckodriver	INFO	Listening on 127.0.0.1:58399
1607386644077	mozrunner::runner	INFO	Running command: "/usr/bin/firefox" "--marionette" "-foreground" "-no-remote" "-profile" "/tmp/rust_mozprofilez8RTuM"
console.warn: SearchSettings: "get: No settings file exists, new profile?" (new Error("", "(unknown module)"))
1607386649312	Marionette	INFO	Listening on port 39309
1607386649430	Marionette	WARN	TLS certificate errors will be ignored for this session
1607386793566	Marionette	INFO	Stopped listening on port 39309
1607386926322	geckodriver	INFO	Listening on 127.0.0.1:39047
1607386926326	mozrunner::runner	INFO	Running command: "/usr/bin/firefox" "--marionette" "-foreground" "-no-remote" "-profile" "/tmp/rust_mozprofileHW2C8Y"
console.warn: SearchSettings: "get: No settings file exists, new profile?" (new Error("", "(unknown module)"))
1607386933357	Marionette	INFO	Listening on port 39713
1607386933489	Marionette	WARN	TLS certificate errors will be ignored for this session
console.error: Region.jsm: "Error fetching region" (new AbortError("The operation was aborted. ", (void 0), 724))
console.error: Region.jsm: "Failed to fetch region" (new Error("NO_RESULT", "resource://gre/modules/Region.jsm", 376))
1607386946993	Marionette	INFO	Stopped listening on port 39713
1607387038396	geckodriver	INFO	Listening on 127.0.0.1:52565
1607387038399	mozrunner::runner	INFO	Running command: "/usr/bin/firefox" "--marionette" "-foreground" "-no-remote" "-profile" "/tmp/rust_mozprofilecSXyBW"
console.warn: SearchSettings: "get: No settings file exists, new profile?" (new Error("", "(unknown module)"))
1607387042448	Marionette	INFO	Listening on port 45405
1607387042525	Marionette	WARN	TLS certificate errors will be ignored for this session
1607387054255	Marionette	INFO	Stopped listening on port 45405
1607387224632	geckodriver	INFO	Listening on 127.0.0.1:45051
1607387224635	mozrunner::runner	INFO	Running command: "/usr/bin/firefox" "--marionette" "-foreground" "-no-remote" "-profile" "/tmp/rust_mozprofileJJhpCM"
console.warn: SearchSettings: "get: No settings file exists, new profile?" (new Error("", "(unknown module)"))
1607387228480	Marionette	INFO	Listening on port 45213
1607387228567	Marionette	WARN	TLS certificate errors will be ignored for this session
console.error: Region.jsm: "Error fetching region" (new AbortError("The operation was aborted. ", (void 0), 724))
console.error: Region.jsm: "Failed to fetch region" (new Error("NO_RESULT", "resource://gre/modules/Region.jsm", 376))
1607387310231	geckodriver	INFO	Listening on 127.0.0.1:49929
1607387310234	mozrunner::runner	INFO	Running command: "/usr/bin/firefox" "--marionette" "-foreground" "-no-remote" "-profile" "/tmp/rust_mozprofileFPOfU6"
console.warn: SearchSettings: "get: No settings file exists, new profile?" (new Error("", "(unknown module)"))
1607387313964	Marionette	INFO	Listening on port 42177
1607387314081	Marionette	WARN	TLS certificate errors will be ignored for this session
1607387317214	Marionette	INFO	Stopped listening on port 45213
1607387449099	geckodriver	INFO	Listening on 127.0.0.1:34065
1607387449102	mozrunner::runner	INFO	Running command: "/usr/bin/firefox" "--marionette" "-foreground" "-no-remote" "-profile" "/tmp/rust_mozprofileupYN5y"
console.warn: SearchSettings: "get: No settings file exists, new profile?" (new Error("", "(unknown module)"))
1607387453408	Marionette	INFO	Listening on port 35519
1607387453431	Marionette	WARN	TLS certificate errors will be ignored for this session
1607387541904	Marionette	INFO	Stopped listening on port 42177
1607387543010	Marionette	INFO	Stopped listening on port 35519
1607387546315	geckodriver	INFO	Listening on 127.0.0.1:52251
1607387546322	mozrunner::runner	INFO	Running command: "/usr/bin/firefox" "--marionette" "-foreground" "-no-remote" "-profile" "/tmp/rust_mozprofile0y0ToP"
console.warn: SearchSettings: "get: No settings file exists, new profile?" (new Error("", "(unknown module)"))
1607387552308	Marionette	INFO	Listening on port 38373
1607387552354	Marionette	WARN	TLS certificate errors will be ignored for this session
JavaScript error: https://oxt.me/static/libs/require/require.js, line 8: Error: Script error for: null-txs-filter
http://requirejs.org/docs/errors.html#scripterror
JavaScript error: https://oxt.me/static/libs/require/require.js, line 8: Error: Script error for: none-txs-filter
http://requirejs.org/docs/errors.html#scripterror
JavaScript error: https://oxt.me/static/libs/require/require.js, line 8: Error: Script error for: vlmout-txs-filter
http://requirejs.org/docs/errors.html#scripterror
JavaScript error: https://oxt.me/static/libs/require/require.js, line 8: Error: Script error for: txoout-txs-filter
http://requirejs.org/docs/errors.html#scripterror
JavaScript error: https://oxt.me/static/libs/require/require.js, line 8: Error: Script error for: hvi-txs-filter
http://requirejs.org/docs/errors.html#scripterror
JavaScript error: https://oxt.me/static/libs/require/require.js, line 8: Error: Script error for: clti-txs-filter
http://requirejs.org/docs/errors.html#scripterror
JavaScript error: https://oxt.me/static/libs/require/require.js, line 8: Error: Script error for: cltx-txs-filter
http://requirejs.org/docs/errors.html#scripterror
JavaScript error: https://oxt.me/static/libs/require/require.js, line 8: Error: Script error for: addrin-txs-filter
http://requirejs.org/docs/errors.html#scripterror
JavaScript error: https://oxt.me/static/libs/require/require.js, line 8: Error: Script error for: clvo-txs-filter
http://requirejs.org/docs/errors.html#scripterror
JavaScript error: https://oxt.me/static/libs/require/require.js, line 8: Error: Script error for: addr_entity-nbtxouthr-prms
http://requirejs.org/docs/errors.html#scripterror
JavaScript error: https://oxt.me/static/libs/require/require.js, line 8: Error: Script error for: addr_entity-nbtxoutdy-prms
http://requirejs.org/docs/errors.html#scripterror
JavaScript error: https://oxt.me/static/libs/require/require.js, line 8: Error: Script error for: feekb-txs-filter
http://requirejs.org/docs/errors.html#scripterror
JavaScript error: https://oxt.me/static/libs/require/require.js, line 8: Error: Script error for: clax-txs-filter
http://requirejs.org/docs/errors.html#scripterror
JavaScript error: https://oxt.me/static/libs/require/require.js, line 8: Error: Script error for: clai-txs-filter
http://requirejs.org/docs/errors.html#scripterror
JavaScript error: https://oxt.me/static/libs/require/require.js, line 8: Error: Script error for: addrout-txs-filter
http://requirejs.org/docs/errors.html#scripterror
JavaScript error: https://oxt.me/static/libs/require/require.js, line 8: Error: Script error for: clvi-txs-filter
http://requirejs.org/docs/errors.html#scripterror
JavaScript error: https://oxt.me/static/libs/require/require.js, line 8: Error: Script error for: clxx-txs-filter
http://requirejs.org/docs/errors.html#scripterror
JavaScript error: https://oxt.me/static/libs/require/require.js, line 8: Error: Script error for: addr_entity-clvx-prms
http://requirejs.org/docs/errors.html#scripterror
JavaScript error: https://oxt.me/static/libs/require/require.js, line 8: Error: Script error for: addr_entity-clax-prms
http://requirejs.org/docs/errors.html#scripterror
JavaScript error: https://oxt.me/static/libs/require/require.js, line 8: Error: Script error for: bdd-txs-filter
http://requirejs.org/docs/errors.html#scripterror
JavaScript error: https://oxt.me/static/libs/require/require.js, line 8: Error: Script error for: hvo-txs-filter
http://requirejs.org/docs/errors.html#scripterror
JavaScript error: https://oxt.me/static/libs/require/require.js, line 8: Error: Script error for: addr-txs-filter
http://requirejs.org/docs/errors.html#scripterror
JavaScript error: https://oxt.me/static/libs/require/require.js, line 8: Error: Script error for: clao-txs-filter
http://requirejs.org/docs/errors.html#scripterror
JavaScript error: https://oxt.me/static/libs/require/require.js, line 8: Error: Script error for: newaddr-txs-filter
http://requirejs.org/docs/errors.html#scripterror
JavaScript error: https://oxt.me/static/libs/require/require.js, line 8: Error: Script error for: addr_entity-cltx-prms
http://requirejs.org/docs/errors.html#scripterror
JavaScript error: https://oxt.me/static/libs/require/require.js, line 8: Error: Script error for: addr_entity-hvi-prms
http://requirejs.org/docs/errors.html#scripterror
JavaScript error: https://oxt.me/static/libs/require/require.js, line 8: Error: Script error for: addr_entity-clbl-prms
http://requirejs.org/docs/errors.html#scripterror
JavaScript error: https://oxt.me/static/libs/require/require.js, line 8: Error: Script error for: clvx-txs-filter
http://requirejs.org/docs/errors.html#scripterror
JavaScript error: https://oxt.me/static/libs/require/require.js, line 8: Error: Script error for: addr_entity-nbtxinhr-prms
http://requirejs.org/docs/errors.html#scripterror
JavaScript error: https://oxt.me/static/libs/require/require.js, line 8: Error: Script error for: clxo-txs-filter
http://requirejs.org/docs/errors.html#scripterror
JavaScript error: https://oxt.me/static/libs/require/require.js, line 8: Error: Script error for: clto-txs-filter
http://requirejs.org/docs/errors.html#scripterror
JavaScript error: https://oxt.me/static/libs/require/require.js, line 8: Error: Script error for: fee-txs-filter
http://requirejs.org/docs/errors.html#scripterror
JavaScript error: https://oxt.me/static/libs/require/require.js, line 8: Error: Script error for: txoin-txs-filter
http://requirejs.org/docs/errors.html#scripterror
JavaScript error: https://oxt.me/static/libs/require/require.js, line 8: Error: Script error for: bootstrap
http://requirejs.org/docs/errors.html#scripterror
JavaScript error: https://oxt.me/static/libs/require/require.js, line 8: Error: Script error for: addr_entity-nbtxindy-prms
http://requirejs.org/docs/errors.html#scripterror
JavaScript error: https://oxt.me/static/libs/require/require.js, line 8: Error: Script error for: addr_entity-clxx-prms
http://requirejs.org/docs/errors.html#scripterror
JavaScript error: https://oxt.me/static/libs/require/require.js, line 8: Error: Script error for: addr_entity-hvo-prms
http://requirejs.org/docs/errors.html#scripterror
JavaScript error: https://oxt.me/static/libs/require/require.js, line 8: Error: Script error for: feevkb-txs-filter
http://requirejs.org/docs/errors.html#scripterror
JavaScript error: https://oxt.me/static/libs/require/require.js, line 8: Error: Script error for: clxi-txs-filter
http://requirejs.org/docs/errors.html#scripterror
JavaScript error: https://oxt.me/static/libs/require/require.js, line 8: Error: Script error for: clbl-txs-filter
http://requirejs.org/docs/errors.html#scripterror
1607387595468	Marionette	INFO	Stopped listening on port 38373
1607387628365	geckodriver	INFO	Listening on 127.0.0.1:54953
1607387628368	mozrunner::runner	INFO	Running command: "/usr/bin/firefox" "--marionette" "-foreground" "-no-remote" "-profile" "/tmp/rust_mozprofileolGs2S"
console.warn: SearchSettings: "get: No settings file exists, new profile?" (new Error("", "(unknown module)"))
1607387631973	Marionette	INFO	Listening on port 41013
1607387631994	Marionette	WARN	TLS certificate errors will be ignored for this session
1607387651092	Marionette	INFO	Stopped listening on port 41013
1607387657494	geckodriver	INFO	Listening on 127.0.0.1:55629
1607387657497	mozrunner::runner	INFO	Running command: "/usr/bin/firefox" "--marionette" "-foreground" "-no-remote" "-profile" "/tmp/rust_mozprofileyCCbBw"
console.warn: SearchSettings: "get: No settings file exists, new profile?" (new Error("", "(unknown module)"))
1607387661621	Marionette	INFO	Listening on port 45817
1607387661748	Marionette	WARN	TLS certificate errors will be ignored for this session
1607387682503	Marionette	INFO	Stopped listening on port 45817
1607387823607	geckodriver	INFO	Listening on 127.0.0.1:32939
1607387823611	mozrunner::runner	INFO	Running command: "/usr/bin/firefox" "--marionette" "-foreground" "-no-remote" "-profile" "/tmp/rust_mozprofilexnq3yS"
console.warn: SearchSettings: "get: No settings file exists, new profile?" (new Error("", "(unknown module)"))
1607387827938	Marionette	INFO	Listening on port 35487
1607387828068	Marionette	WARN	TLS certificate errors will be ignored for this session
1607387846471	Marionette	INFO	Stopped listening on port 35487
1607388217106	geckodriver	INFO	Listening on 127.0.0.1:42815
1607388217109	mozrunner::runner	INFO	Running command: "/usr/bin/firefox" "--marionette" "-foreground" "-no-remote" "-profile" "/tmp/rust_mozprofileENIggo"
console.warn: SearchSettings: "get: No settings file exists, new profile?" (new Error("", "(unknown module)"))
1607388221625	Marionette	INFO	Listening on port 43603
1607388221736	Marionette	WARN	TLS certificate errors will be ignored for this session
1607388235878	Marionette	INFO	Stopped listening on port 43603
1607429697840	geckodriver	INFO	Listening on 127.0.0.1:38729
1607429698727	mozrunner::runner	INFO	Running command: "/usr/bin/firefox" "--marionette" "-foreground" "-no-remote" "-profile" "/tmp/rust_mozprofileLDyamz"
console.warn: SearchSettings: "get: No settings file exists, new profile?" (new Error("", "(unknown module)"))
1607429716689	Marionette	INFO	Listening on port 38485
1607429716813	Marionette	WARN	TLS certificate errors will be ignored for this session
Exiting due to channel error.
Exiting due to channel error.
Exiting due to channel error.
1607429761964	geckodriver	INFO	Listening on 127.0.0.1:42271
1607429761970	mozrunner::runner	INFO	Running command: "/usr/bin/firefox" "--marionette" "-foreground" "-no-remote" "-profile" "/tmp/rust_mozprofile3cK2EW"
console.warn: SearchSettings: "get: No settings file exists, new profile?" (new Error("", "(unknown module)"))
1607429779881	Marionette	INFO	Listening on port 46009
1607429779959	Marionette	WARN	TLS certificate errors will be ignored for this session
Exiting due to channel error.
Exiting due to channel error.
Exiting due to channel error.
